<?xml version="1.0" encoding="UTF-8"?>
<testsuites>
<testsuite timestamp="2024-04-21T15:09:49" hostname="c2s2-dev.ece.cornell.edu" package="crossbar_controller" id="0" name="task1" tests="3" errors="0" failures="2" time="0" skipped="2">
<properties>
<property name="os" value="Linux"/>
<property name="expect" value="PASS"/>
<property name="status" value="FAIL"/>
</properties>
<testcase classname="task1" name="build execution" time="0">
<failure type="FAIL" message="Task returned status FAIL." />
</testcase>
<testcase classname="task1" name="Property ASSERT in crossbar_controller at crossbar_controller.v:38.17-39.39" time="0" type="ASSERT" location="crossbar_controller.v:38.17-39.39" id="$assert$crossbar_controller.v:38$17" tracefile="engine_0/trace.vcd">
<failure type="ASSERT" message="Property ASSERT in crossbar_controller at crossbar_controller.v:38.17-39.39 failed. Trace file: engine_0/trace.vcd" />
</testcase>
<testcase classname="task1" name="Property ASSERT in crossbar_controller at crossbar_controller.v:40.26-41.39" time="0" type="ASSERT" location="crossbar_controller.v:40.26-41.39" id="$assert$crossbar_controller.v:40$18">
<skipped />
</testcase>
<testcase classname="task1" name="Property ASSERT in crossbar_controller at crossbar_controller.v:42.19-43.32" time="0" type="ASSERT" location="crossbar_controller.v:42.19-43.32" id="$assert$crossbar_controller.v:42$19">
<skipped />
</testcase>
<system-out>SBY 15:09:48 [crossbar_controller_task1] Removing directory '/home/deg273/git/c2s2_ip/src/crossbar_controller/crossbar_controller_task1'.
SBY 15:09:48 [crossbar_controller_task1] Copy '/home/deg273/git/c2s2_ip/src/crossbar_controller/crossbar_controller.v' to '/home/deg273/git/c2s2_ip/src/crossbar_controller/crossbar_controller_task1/src/crossbar_controller.v'.
SBY 15:09:48 [crossbar_controller_task1] engine_0: smtbmc
SBY 15:09:48 [crossbar_controller_task1] base: starting process &quot;cd crossbar_controller_task1/src; yosys -ql ../model/design.log ../model/design.ys&quot;
SBY 15:09:48 [crossbar_controller_task1] base: finished (returncode=0)
SBY 15:09:48 [crossbar_controller_task1] prep: starting process &quot;cd crossbar_controller_task1/model; yosys -ql design_prep.log design_prep.ys&quot;
SBY 15:09:48 [crossbar_controller_task1] prep: finished (returncode=0)
SBY 15:09:48 [crossbar_controller_task1] smt2: starting process &quot;cd crossbar_controller_task1/model; yosys -ql design_smt2.log design_smt2.ys&quot;
SBY 15:09:48 [crossbar_controller_task1] smt2: finished (returncode=0)
SBY 15:09:48 [crossbar_controller_task1] engine_0: starting process &quot;cd crossbar_controller_task1; yosys-smtbmc --presat --unroll --noprogress -t 100  --append 0 --dump-vcd engine_0/trace.vcd --dump-yw engine_0/trace.yw --dump-vlogtb engine_0/trace_tb.v --dump-smtc engine_0/trace.smtc model/design_smt2.smt2&quot;
SBY 15:09:48 [crossbar_controller_task1] engine_0: ##   0:00:00  Solver: yices
SBY 15:09:48 [crossbar_controller_task1] engine_0: ##   0:00:00  Checking assumptions in step 0..
SBY 15:09:48 [crossbar_controller_task1] engine_0: ##   0:00:00  Checking assertions in step 0..
SBY 15:09:48 [crossbar_controller_task1] engine_0: ##   0:00:00  BMC failed!
SBY 15:09:48 [crossbar_controller_task1] engine_0: ##   0:00:00  Assert failed in crossbar_controller: crossbar_controller.v:38.17-39.39 ($assert$crossbar_controller.v:38$17)
SBY 15:09:48 [crossbar_controller_task1] engine_0: ##   0:00:00  Writing trace to VCD file: engine_0/trace.vcd
SBY 15:09:48 [crossbar_controller_task1] engine_0: ##   0:00:00  Writing trace to Verilog testbench: engine_0/trace_tb.v
SBY 15:09:48 [crossbar_controller_task1] engine_0: ##   0:00:00  Writing trace to constraints file: engine_0/trace.smtc
SBY 15:09:48 [crossbar_controller_task1] engine_0: ##   0:00:00  Writing trace to Yosys witness file: engine_0/trace.yw
SBY 15:09:48 [crossbar_controller_task1] engine_0: ##   0:00:00  Status: failed
SBY 15:09:49 [crossbar_controller_task1] engine_0: finished (returncode=1)
SBY 15:09:49 [crossbar_controller_task1] engine_0: Status returned by engine: FAIL
SBY 15:09:49 [crossbar_controller_task1] summary: Elapsed clock time [H:MM:SS (secs)]: 0:00:00 (0)
SBY 15:09:49 [crossbar_controller_task1] summary: Elapsed process time [H:MM:SS (secs)]: 0:00:00 (0)
SBY 15:09:49 [crossbar_controller_task1] summary: engine_0 (smtbmc) returned FAIL
SBY 15:09:49 [crossbar_controller_task1] summary: counterexample trace: crossbar_controller_task1/engine_0/trace.vcd
SBY 15:09:49 [crossbar_controller_task1] summary:   failed assertion crossbar_controller.$assert$crossbar_controller.v:38$17 at crossbar_controller.v:38.17-39.39 in step 0
SBY 15:09:49 [crossbar_controller_task1] DONE (FAIL, rc=2)
</system-out>
<system-err>
</system-err>
</testsuite>
</testsuites>
